
  [4;36;1mSQL (0.2ms)[0m   [0;1m SELECT name
 FROM sqlite_master
 WHERE type = 'table' AND NOT name = 'sqlite_sequence'
[0m
  [4;35;1mSQL (0.1ms)[0m   [0mselect sqlite_version(*)[0m
  [4;36;1mSQL (1.7ms)[0m   [0;1mCREATE TABLE "schema_migrations" ("version" varchar(255) NOT NULL) [0m
  [4;35;1mSQL (9.8ms)[0m   [0mCREATE UNIQUE INDEX "unique_schema_migrations" ON "schema_migrations" ("version")[0m
  [4;36;1mSQL (0.3ms)[0m   [0;1m SELECT name
 FROM sqlite_master
 WHERE type = 'table' AND NOT name = 'sqlite_sequence'
[0m
  [4;35;1mSQL (0.1ms)[0m   [0mSELECT version FROM schema_migrations[0m


Processing ApplicationController#index (for 127.0.0.1 at 2011-04-10 13:23:18) [GET]

ActionController::RoutingError (No route matches "/~ryan/rubymesh" with {:method=>:get}):
  <internal:prelude>:10:in `synchronize'
  /usr/local/lib/ruby/1.9.1/webrick/httpserver.rb:111:in `service'
  /usr/local/lib/ruby/1.9.1/webrick/httpserver.rb:70:in `run'
  /usr/local/lib/ruby/1.9.1/webrick/server.rb:183:in `block in start_thread'

Rendering rescues/layout (not_found)


Processing MainController#index (for 127.0.0.1 at 2011-04-10 13:23:32) [GET]

ActionView::MissingTemplate (Missing template main/index.erb in view path /Users/ryan/projects/rubymesh/app/views):
  <internal:prelude>:10:in `synchronize'
  /usr/local/lib/ruby/1.9.1/webrick/httpserver.rb:111:in `service'
  /usr/local/lib/ruby/1.9.1/webrick/httpserver.rb:70:in `run'
  /usr/local/lib/ruby/1.9.1/webrick/server.rb:183:in `block in start_thread'

Rendering rescues/layout (internal_server_error)


Processing MainController#index (for 127.0.0.1 at 2011-04-10 13:23:36) [GET]

ActionView::MissingTemplate (Missing template main/index.erb in view path /Users/ryan/projects/rubymesh/app/views):
  <internal:prelude>:10:in `synchronize'
  /usr/local/lib/ruby/1.9.1/webrick/httpserver.rb:111:in `service'
  /usr/local/lib/ruby/1.9.1/webrick/httpserver.rb:70:in `run'
  /usr/local/lib/ruby/1.9.1/webrick/server.rb:183:in `block in start_thread'

Rendering rescues/layout (internal_server_error)


Processing MainController#index (for 127.0.0.1 at 2011-04-10 13:23:49) [GET]

ActionView::MissingTemplate (Missing template main/index.erb in view path /Users/ryan/projects/rubymesh/app/views):
  <internal:prelude>:10:in `synchronize'
  /usr/local/lib/ruby/1.9.1/webrick/httpserver.rb:111:in `service'
  /usr/local/lib/ruby/1.9.1/webrick/httpserver.rb:70:in `run'
  /usr/local/lib/ruby/1.9.1/webrick/server.rb:183:in `block in start_thread'

Rendering rescues/layout (internal_server_error)


Processing MainController#index (for 127.0.0.1 at 2011-04-10 13:24:51) [GET]
Rendering main/index
Completed in 9ms (View: 7 | 200 OK [http://localhost/main]


Processing MainController#index (for 127.0.0.1 at 2011-04-10 13:25:13) [GET]
Rendering main/index
Completed in 9ms (View: 8 | 200 OK [http://localhost/main]


Processing MainController#index (for 127.0.0.1 at 2011-04-10 13:26:26) [GET]
Rendering main/index
Completed in 10ms (View: 7 | 200 OK [http://localhost/main]


Processing MainController#index (for 127.0.0.1 at 2011-04-10 13:26:37) [GET]
Rendering main/index
Completed in 10ms (View: 7 | 200 OK [http://localhost/main]


Processing MainController#index (for 127.0.0.1 at 2011-04-10 13:36:33) [GET]
Rendering main/index
Completed in 4ms (View: 1 | 200 OK [http://localhost/main]


Processing MainController#index (for 127.0.0.1 at 2011-04-10 15:01:31) [GET]
Rendering main/index
Completed in 10ms (View: 7 | 200 OK [http://localhost/main]


Processing MainController#index (for 127.0.0.1 at 2011-04-10 15:01:46) [GET]
Rendering main/index
Completed in 4ms (View: 1 | 200 OK [http://localhost/main]


Processing ApplicationController#index (for 127.0.0.1 at 2011-04-10 15:01:46) [GET]

ActionController::RoutingError (No route matches "/js/canvas.js" with {:method=>:get}):
  <internal:prelude>:10:in `synchronize'
  /usr/local/lib/ruby/1.9.1/webrick/httpserver.rb:111:in `service'
  /usr/local/lib/ruby/1.9.1/webrick/httpserver.rb:70:in `run'
  /usr/local/lib/ruby/1.9.1/webrick/server.rb:183:in `block in start_thread'

Rendering rescues/layout (not_found)


Processing ApplicationController#index (for 127.0.0.1 at 2011-04-10 15:01:46) [GET]

ActionController::RoutingError (No route matches "/js/jquery-1.3.2.min.js" with {:method=>:get}):
  <internal:prelude>:10:in `synchronize'
  /usr/local/lib/ruby/1.9.1/webrick/httpserver.rb:111:in `service'
  /usr/local/lib/ruby/1.9.1/webrick/httpserver.rb:70:in `run'
  /usr/local/lib/ruby/1.9.1/webrick/server.rb:183:in `block in start_thread'

Rendering rescues/layout (not_found)


Processing ApplicationController#index (for 127.0.0.1 at 2011-04-10 15:01:46) [GET]

ActionController::RoutingError (No route matches "/js/jquery-ui-1.7.2.custom.min.js" with {:method=>:get}):
  <internal:prelude>:10:in `synchronize'
  /usr/local/lib/ruby/1.9.1/webrick/httpserver.rb:111:in `service'
  /usr/local/lib/ruby/1.9.1/webrick/httpserver.rb:70:in `run'
  /usr/local/lib/ruby/1.9.1/webrick/server.rb:183:in `block in start_thread'

Rendering rescues/layout (not_found)


Processing ApplicationController#index (for 127.0.0.1 at 2011-04-10 15:01:47) [GET]

ActionController::RoutingError (No route matches "/js/cgal-render-json.js" with {:method=>:get}):
  <internal:prelude>:10:in `synchronize'
  /usr/local/lib/ruby/1.9.1/webrick/httpserver.rb:111:in `service'
  /usr/local/lib/ruby/1.9.1/webrick/httpserver.rb:70:in `run'
  /usr/local/lib/ruby/1.9.1/webrick/server.rb:183:in `block in start_thread'

Rendering rescues/layout (not_found)


Processing ApplicationController#index (for 127.0.0.1 at 2011-04-10 15:01:47) [GET]

ActionController::RoutingError (No route matches "/js/RMesh.js" with {:method=>:get}):
  <internal:prelude>:10:in `synchronize'
  /usr/local/lib/ruby/1.9.1/webrick/httpserver.rb:111:in `service'
  /usr/local/lib/ruby/1.9.1/webrick/httpserver.rb:70:in `run'
  /usr/local/lib/ruby/1.9.1/webrick/server.rb:183:in `block in start_thread'

Rendering rescues/layout (not_found)


Processing ApplicationController#index (for 127.0.0.1 at 2011-04-10 15:01:47) [GET]

ActionController::RoutingError (No route matches "/themes/redmond/jquery-ui-1.7.2.custom" with {:method=>:get}):
  <internal:prelude>:10:in `synchronize'
  /usr/local/lib/ruby/1.9.1/webrick/httpserver.rb:111:in `service'
  /usr/local/lib/ruby/1.9.1/webrick/httpserver.rb:70:in `run'
  /usr/local/lib/ruby/1.9.1/webrick/server.rb:183:in `block in start_thread'

Rendering rescues/layout (not_found)


Processing ApplicationController#index (for 127.0.0.1 at 2011-04-10 15:01:47) [GET]

ActionController::RoutingError (No route matches "/css/rmesh.css" with {:method=>:get}):
  <internal:prelude>:10:in `synchronize'
  /usr/local/lib/ruby/1.9.1/webrick/httpserver.rb:111:in `service'
  /usr/local/lib/ruby/1.9.1/webrick/httpserver.rb:70:in `run'
  /usr/local/lib/ruby/1.9.1/webrick/server.rb:183:in `block in start_thread'

Rendering rescues/layout (not_found)


Processing MainController#index (for 127.0.0.1 at 2011-04-10 15:03:02) [GET]
Rendering main/index
Completed in 4ms (View: 1 | 200 OK [http://localhost/main]


Processing ApplicationController#index (for 127.0.0.1 at 2011-04-10 15:03:02) [GET]

ActionController::RoutingError (No route matches "/themes/redmond/jquery-ui-1.7.2.custom" with {:method=>:get}):
  <internal:prelude>:10:in `synchronize'
  /usr/local/lib/ruby/1.9.1/webrick/httpserver.rb:111:in `service'
  /usr/local/lib/ruby/1.9.1/webrick/httpserver.rb:70:in `run'
  /usr/local/lib/ruby/1.9.1/webrick/server.rb:183:in `block in start_thread'

Rendering rescues/layout (not_found)


Processing MainController#index (for 127.0.0.1 at 2011-04-10 15:03:26) [GET]
Rendering main/index
Completed in 4ms (View: 1 | 200 OK [http://localhost/main]


Processing ApplicationController#index (for 127.0.0.1 at 2011-04-10 15:03:56) [GET]

ActionController::RoutingError (No route matches "/themes/redmond/jquery-ui-1.7.2.custom" with {:method=>:get}):
  <internal:prelude>:10:in `synchronize'
  /usr/local/lib/ruby/1.9.1/webrick/httpserver.rb:111:in `service'
  /usr/local/lib/ruby/1.9.1/webrick/httpserver.rb:70:in `run'
  /usr/local/lib/ruby/1.9.1/webrick/server.rb:183:in `block in start_thread'

Rendering rescues/layout (not_found)


Processing ApplicationController#index (for 127.0.0.1 at 2011-04-10 15:04:33) [GET]

ActionController::RoutingError (No route matches "/themes/redmond/jquery-ui-1.7.2.custom" with {:method=>:get}):
  <internal:prelude>:10:in `synchronize'
  /usr/local/lib/ruby/1.9.1/webrick/httpserver.rb:111:in `service'
  /usr/local/lib/ruby/1.9.1/webrick/httpserver.rb:70:in `run'
  /usr/local/lib/ruby/1.9.1/webrick/server.rb:183:in `block in start_thread'

Rendering rescues/layout (not_found)


Processing MainController#index (for 127.0.0.1 at 2011-04-10 15:05:09) [GET]
Rendering main/index
Completed in 4ms (View: 1 | 200 OK [http://localhost/main]


Processing ApplicationController#index (for 127.0.0.1 at 2011-04-10 15:05:09) [GET]

ActionController::RoutingError (No route matches "/themes/redmond/jquery-ui-1.7.2.custom" with {:method=>:get}):
  <internal:prelude>:10:in `synchronize'
  /usr/local/lib/ruby/1.9.1/webrick/httpserver.rb:111:in `service'
  /usr/local/lib/ruby/1.9.1/webrick/httpserver.rb:70:in `run'
  /usr/local/lib/ruby/1.9.1/webrick/server.rb:183:in `block in start_thread'

Rendering rescues/layout (not_found)


Processing ApplicationController#index (for 127.0.0.1 at 2011-04-10 15:05:13) [GET]

ActionController::RoutingError (No route matches "/themes/redmond/jquery-ui-1.7.2.custom" with {:method=>:get}):
  <internal:prelude>:10:in `synchronize'
  /usr/local/lib/ruby/1.9.1/webrick/httpserver.rb:111:in `service'
  /usr/local/lib/ruby/1.9.1/webrick/httpserver.rb:70:in `run'
  /usr/local/lib/ruby/1.9.1/webrick/server.rb:183:in `block in start_thread'

Rendering rescues/layout (not_found)


Processing MainController#index (for 127.0.0.1 at 2011-04-10 15:06:34) [GET]
Rendering main/index
Completed in 4ms (View: 1 | 200 OK [http://localhost/main]


Processing ApplicationController#index (for 127.0.0.1 at 2011-04-10 15:06:34) [GET]

ActionController::RoutingError (No route matches "/themes/redmond/jquery-ui-1.7.2.custom" with {:method=>:get}):
  <internal:prelude>:10:in `synchronize'
  /usr/local/lib/ruby/1.9.1/webrick/httpserver.rb:111:in `service'
  /usr/local/lib/ruby/1.9.1/webrick/httpserver.rb:70:in `run'
  /usr/local/lib/ruby/1.9.1/webrick/server.rb:183:in `block in start_thread'

Rendering rescues/layout (not_found)


Processing MainController#index (for 127.0.0.1 at 2011-04-10 15:06:38) [GET]
Rendering main/index
Completed in 4ms (View: 1 | 200 OK [http://localhost/main]


Processing MainController#index (for 127.0.0.1 at 2011-04-10 15:06:39) [GET]
Rendering main/index
Completed in 4ms (View: 1 | 200 OK [http://localhost/main]


Processing ApplicationController#index (for 127.0.0.1 at 2011-04-10 15:06:40) [GET]

ActionController::RoutingError (No route matches "/themes/redmond/jquery-ui-1.7.2.custom" with {:method=>:get}):
  <internal:prelude>:10:in `synchronize'
  /usr/local/lib/ruby/1.9.1/webrick/httpserver.rb:111:in `service'
  /usr/local/lib/ruby/1.9.1/webrick/httpserver.rb:70:in `run'
  /usr/local/lib/ruby/1.9.1/webrick/server.rb:183:in `block in start_thread'

Rendering rescues/layout (not_found)


Processing ApplicationController#index (for 127.0.0.1 at 2011-04-10 15:07:09) [GET]

ActionController::RoutingError (No route matches "/themes/redmond/jquery-ui-1.7.2.custom" with {:method=>:get}):
  <internal:prelude>:10:in `synchronize'
  /usr/local/lib/ruby/1.9.1/webrick/httpserver.rb:111:in `service'
  /usr/local/lib/ruby/1.9.1/webrick/httpserver.rb:70:in `run'
  /usr/local/lib/ruby/1.9.1/webrick/server.rb:183:in `block in start_thread'

Rendering rescues/layout (not_found)


Processing MainController#index (for 127.0.0.1 at 2011-04-10 15:11:09) [GET]
Rendering main/index
Completed in 4ms (View: 1 | 200 OK [http://localhost/main]


Processing ApplicationController#index (for 127.0.0.1 at 2011-04-10 15:11:09) [GET]

ActionController::RoutingError (No route matches "/themes/redmond/jquery-ui-1.7.2.custom" with {:method=>:get}):
  <internal:prelude>:10:in `synchronize'
  /usr/local/lib/ruby/1.9.1/webrick/httpserver.rb:111:in `service'
  /usr/local/lib/ruby/1.9.1/webrick/httpserver.rb:70:in `run'
  /usr/local/lib/ruby/1.9.1/webrick/server.rb:183:in `block in start_thread'

Rendering rescues/layout (not_found)


Processing MainController#index (for 127.0.0.1 at 2011-04-10 15:11:15) [GET]
Rendering main/index
Completed in 4ms (View: 1 | 200 OK [http://localhost/main]


Processing ApplicationController#index (for 127.0.0.1 at 2011-04-10 15:11:15) [GET]

ActionController::RoutingError (No route matches "/themes/redmond/jquery-ui-1.7.2.custom" with {:method=>:get}):
  <internal:prelude>:10:in `synchronize'
  /usr/local/lib/ruby/1.9.1/webrick/httpserver.rb:111:in `service'
  /usr/local/lib/ruby/1.9.1/webrick/httpserver.rb:70:in `run'
  /usr/local/lib/ruby/1.9.1/webrick/server.rb:183:in `block in start_thread'

Rendering rescues/layout (not_found)


Processing MainController#index (for 127.0.0.1 at 2011-04-10 15:15:08) [GET]
Rendering main/index
Completed in 4ms (View: 1 | 200 OK [http://localhost/main]


Processing ApplicationController#index (for 127.0.0.1 at 2011-04-10 15:15:09) [GET]

ActionController::RoutingError (No route matches "/themes/redmond/jquery-ui-1.7.2.custom" with {:method=>:get}):
  <internal:prelude>:10:in `synchronize'
  /usr/local/lib/ruby/1.9.1/webrick/httpserver.rb:111:in `service'
  /usr/local/lib/ruby/1.9.1/webrick/httpserver.rb:70:in `run'
  /usr/local/lib/ruby/1.9.1/webrick/server.rb:183:in `block in start_thread'

Rendering rescues/layout (not_found)


Processing ApplicationController#index (for 127.0.0.1 at 2011-04-10 15:15:18) [POST]
  Parameters: {"points"=>"132,221", "type"=>"points"}

ActionController::RoutingError (No route matches "/controller.cgi" with {:method=>:post}):
  <internal:prelude>:10:in `synchronize'
  /usr/local/lib/ruby/1.9.1/webrick/httpserver.rb:111:in `service'
  /usr/local/lib/ruby/1.9.1/webrick/httpserver.rb:70:in `run'
  /usr/local/lib/ruby/1.9.1/webrick/server.rb:183:in `block in start_thread'

Rendering rescues/layout (not_found)


Processing ApplicationController#index (for 127.0.0.1 at 2011-04-10 15:19:29) [POST]
  Parameters: {"points"=>"53,81", "type"=>"points"}

ActionController::RoutingError (No route matches "/controller.cgi" with {:method=>:post}):
  <internal:prelude>:10:in `synchronize'
  /usr/local/lib/ruby/1.9.1/webrick/httpserver.rb:111:in `service'
  /usr/local/lib/ruby/1.9.1/webrick/httpserver.rb:70:in `run'
  /usr/local/lib/ruby/1.9.1/webrick/server.rb:183:in `block in start_thread'

Rendering rescues/layout (not_found)


Processing MainController#index (for 127.0.0.1 at 2011-04-10 15:25:02) [GET]
Rendering main/index
Completed in 4ms (View: 1 | 200 OK [http://localhost/main]


Processing ApplicationController#index (for 127.0.0.1 at 2011-04-10 15:25:12) [GET]

ActionController::RoutingError (No route matches "/themes/redmond/jquery-ui-1.7.2.custom" with {:method=>:get}):
  <internal:prelude>:10:in `synchronize'
  /usr/local/lib/ruby/1.9.1/webrick/httpserver.rb:111:in `service'
  /usr/local/lib/ruby/1.9.1/webrick/httpserver.rb:70:in `run'
  /usr/local/lib/ruby/1.9.1/webrick/server.rb:183:in `block in start_thread'

Rendering rescues/layout (not_found)


Processing ApplicationController#index (for 127.0.0.1 at 2011-04-10 15:25:45) [GET]

ActionController::RoutingError (No route matches "/themes/redmond/jquery-ui-1.7.2.custom.js" with {:method=>:get}):
  <internal:prelude>:10:in `synchronize'
  /usr/local/lib/ruby/1.9.1/webrick/httpserver.rb:111:in `service'
  /usr/local/lib/ruby/1.9.1/webrick/httpserver.rb:70:in `run'
  /usr/local/lib/ruby/1.9.1/webrick/server.rb:183:in `block in start_thread'

Rendering rescues/layout (not_found)


Processing ApplicationController#index (for 127.0.0.1 at 2011-04-10 15:27:23) [GET]

ActionController::RoutingError (No route matches "/themes/redmond/jquery-ui-1.7.2.custom.js" with {:method=>:get}):
  <internal:prelude>:10:in `synchronize'
  /usr/local/lib/ruby/1.9.1/webrick/httpserver.rb:111:in `service'
  /usr/local/lib/ruby/1.9.1/webrick/httpserver.rb:70:in `run'
  /usr/local/lib/ruby/1.9.1/webrick/server.rb:183:in `block in start_thread'

Rendering rescues/layout (not_found)


Processing MainController#index (for 127.0.0.1 at 2011-04-10 15:27:27) [GET]
Rendering main/index
Completed in 10ms (View: 7 | 200 OK [http://localhost/main]


Processing ApplicationController#index (for 127.0.0.1 at 2011-04-10 15:27:27) [GET]

ActionController::RoutingError (No route matches "/themes/redmond/jquery-ui-1.7.2.custom.js" with {:method=>:get}):
  <internal:prelude>:10:in `synchronize'
  /usr/local/lib/ruby/1.9.1/webrick/httpserver.rb:111:in `service'
  /usr/local/lib/ruby/1.9.1/webrick/httpserver.rb:70:in `run'
  /usr/local/lib/ruby/1.9.1/webrick/server.rb:183:in `block in start_thread'

Rendering rescues/layout (not_found)


Processing MainController#index (for 127.0.0.1 at 2011-04-10 15:27:30) [GET]
Rendering main/index
Completed in 4ms (View: 1 | 200 OK [http://localhost/main]


Processing ApplicationController#index (for 127.0.0.1 at 2011-04-10 15:27:30) [GET]

ActionController::RoutingError (No route matches "/themes/redmond/jquery-ui-1.7.2.custom.js" with {:method=>:get}):
  <internal:prelude>:10:in `synchronize'
  /usr/local/lib/ruby/1.9.1/webrick/httpserver.rb:111:in `service'
  /usr/local/lib/ruby/1.9.1/webrick/httpserver.rb:70:in `run'
  /usr/local/lib/ruby/1.9.1/webrick/server.rb:183:in `block in start_thread'

Rendering rescues/layout (not_found)


Processing MainController#index (for 127.0.0.1 at 2011-04-10 15:27:34) [GET]
Rendering main/index
Completed in 4ms (View: 1 | 200 OK [http://localhost/main]


Processing ApplicationController#index (for 127.0.0.1 at 2011-04-10 15:27:34) [GET]

ActionController::RoutingError (No route matches "/themes/redmond/jquery-ui-1.7.2.custom.js" with {:method=>:get}):
  <internal:prelude>:10:in `synchronize'
  /usr/local/lib/ruby/1.9.1/webrick/httpserver.rb:111:in `service'
  /usr/local/lib/ruby/1.9.1/webrick/httpserver.rb:70:in `run'
  /usr/local/lib/ruby/1.9.1/webrick/server.rb:183:in `block in start_thread'

Rendering rescues/layout (not_found)


Processing MainController#index (for 127.0.0.1 at 2011-04-10 15:28:22) [GET]
Rendering main/index
Completed in 10ms (View: 7 | 200 OK [http://localhost/main]


Processing ApplicationController#index (for 127.0.0.1 at 2011-04-10 15:28:28) [POST]
  Parameters: {"points"=>"309,159", "type"=>"points"}

ActionController::RoutingError (No route matches "/controller.cgi" with {:method=>:post}):
  <internal:prelude>:10:in `synchronize'
  /usr/local/lib/ruby/1.9.1/webrick/httpserver.rb:111:in `service'
  /usr/local/lib/ruby/1.9.1/webrick/httpserver.rb:70:in `run'
  /usr/local/lib/ruby/1.9.1/webrick/server.rb:183:in `block in start_thread'

Rendering rescues/layout (not_found)


Processing MainController#index (for 127.0.0.1 at 2011-04-15 13:48:53) [GET]
Rendering main/index
Completed in 51ms (View: 28 | 200 OK [http://localhost/main]


Processing MainController#compute (for 127.0.0.1 at 2011-04-15 13:58:36) [POST]
  Parameters: {"points"=>"426,69", "type"=>"points"}

ActionController::UnknownAction (No action responded to compute. Actions: index):
  <internal:prelude>:10:in `synchronize'
  /usr/local/lib/ruby/1.9.1/webrick/httpserver.rb:111:in `service'
  /usr/local/lib/ruby/1.9.1/webrick/httpserver.rb:70:in `run'
  /usr/local/lib/ruby/1.9.1/webrick/server.rb:183:in `block in start_thread'

Rendering rescues/layout (not_found)


Processing MainController#test (for 127.0.0.1 at 2011-04-15 14:06:55) [GET]

NameError (undefined local variable or method `points' for #<MainController:0x000001028c2de8>):
  app/controllers/main_controller.rb:11:in `block in test'
  app/controllers/main_controller.rb:10:in `each'
  app/controllers/main_controller.rb:10:in `test'
  <internal:prelude>:10:in `synchronize'
  /usr/local/lib/ruby/1.9.1/webrick/httpserver.rb:111:in `service'
  /usr/local/lib/ruby/1.9.1/webrick/httpserver.rb:70:in `run'
  /usr/local/lib/ruby/1.9.1/webrick/server.rb:183:in `block in start_thread'

Rendered rescues/_trace (13.2ms)
Rendered rescues/_request_and_response (1.1ms)
Rendering rescues/layout (internal_server_error)


Processing MainController#test (for 127.0.0.1 at 2011-04-15 14:08:13) [GET]

LoadError (Expected /Users/ryan/projects/rubymesh/lib/triangulation.rb to define Triangulation):
  app/controllers/main_controller.rb:14:in `test'
  <internal:prelude>:10:in `synchronize'
  /usr/local/lib/ruby/1.9.1/webrick/httpserver.rb:111:in `service'
  /usr/local/lib/ruby/1.9.1/webrick/httpserver.rb:70:in `run'
  /usr/local/lib/ruby/1.9.1/webrick/server.rb:183:in `block in start_thread'

Rendered rescues/_trace (14.1ms)
Rendered rescues/_request_and_response (0.3ms)
Rendering rescues/layout (internal_server_error)


Processing MainController#test (for 127.0.0.1 at 2011-04-15 14:14:54) [GET]

NoMethodError (undefined method `circumcircle' for #<Triangle:0x000001028d85f8>):
  lib/triangulation.rb:35:in `block (2 levels) in triangulate'
  lib/triangulation.rb:32:in `delete_if'
  lib/triangulation.rb:32:in `block in triangulate'
  lib/triangulation.rb:30:in `each'
  lib/triangulation.rb:30:in `triangulate'
  app/controllers/main_controller.rb:17:in `test'
  <internal:prelude>:10:in `synchronize'
  /usr/local/lib/ruby/1.9.1/webrick/httpserver.rb:111:in `service'
  /usr/local/lib/ruby/1.9.1/webrick/httpserver.rb:70:in `run'
  /usr/local/lib/ruby/1.9.1/webrick/server.rb:183:in `block in start_thread'

Rendered rescues/_trace (12.1ms)
Rendered rescues/_request_and_response (0.2ms)
Rendering rescues/layout (internal_server_error)


Processing MainController#test (for 127.0.0.1 at 2011-04-15 14:15:01) [GET]

NoMethodError (undefined method `circumcircle' for #<Triangle:0x00000101160ad8>):
  lib/triangulation.rb:35:in `block (2 levels) in triangulate'
  lib/triangulation.rb:32:in `delete_if'
  lib/triangulation.rb:32:in `block in triangulate'
  lib/triangulation.rb:30:in `each'
  lib/triangulation.rb:30:in `triangulate'
  app/controllers/main_controller.rb:17:in `test'
  <internal:prelude>:10:in `synchronize'
  /usr/local/lib/ruby/1.9.1/webrick/httpserver.rb:111:in `service'
  /usr/local/lib/ruby/1.9.1/webrick/httpserver.rb:70:in `run'
  /usr/local/lib/ruby/1.9.1/webrick/server.rb:183:in `block in start_thread'

Rendered rescues/_trace (12.7ms)
Rendered rescues/_request_and_response (0.3ms)
Rendering rescues/layout (internal_server_error)


Processing MainController#test (for 127.0.0.1 at 2011-04-15 14:15:28) [GET]

NoMethodError (undefined method `circumcircle' for #<Triangle:0x00000102983c28>):
  lib/triangulation.rb:35:in `block (2 levels) in triangulate'
  lib/triangulation.rb:32:in `delete_if'
  lib/triangulation.rb:32:in `block in triangulate'
  lib/triangulation.rb:30:in `each'
  lib/triangulation.rb:30:in `triangulate'
  app/controllers/main_controller.rb:18:in `test'
  <internal:prelude>:10:in `synchronize'
  /usr/local/lib/ruby/1.9.1/webrick/httpserver.rb:111:in `service'
  /usr/local/lib/ruby/1.9.1/webrick/httpserver.rb:70:in `run'
  /usr/local/lib/ruby/1.9.1/webrick/server.rb:183:in `block in start_thread'

Rendered rescues/_trace (12.3ms)
Rendered rescues/_request_and_response (0.3ms)
Rendering rescues/layout (internal_server_error)


Processing MainController#test (for 127.0.0.1 at 2011-04-15 14:15:30) [GET]

NoMethodError (undefined method `circumcircle' for #<Triangle:0x00000101205880>):
  lib/triangulation.rb:35:in `block (2 levels) in triangulate'
  lib/triangulation.rb:32:in `delete_if'
  lib/triangulation.rb:32:in `block in triangulate'
  lib/triangulation.rb:30:in `each'
  lib/triangulation.rb:30:in `triangulate'
  app/controllers/main_controller.rb:18:in `test'
  <internal:prelude>:10:in `synchronize'
  /usr/local/lib/ruby/1.9.1/webrick/httpserver.rb:111:in `service'
  /usr/local/lib/ruby/1.9.1/webrick/httpserver.rb:70:in `run'
  /usr/local/lib/ruby/1.9.1/webrick/server.rb:183:in `block in start_thread'

Rendered rescues/_trace (12.3ms)
Rendered rescues/_request_and_response (0.3ms)
Rendering rescues/layout (internal_server_error)


Processing MainController#test (for 127.0.0.1 at 2011-04-15 14:19:39) [GET]

NoMethodError (undefined method `circumcircle' for #<Triangle:0x000001029dbea0>):
  lib/triangulation.rb:35:in `block (2 levels) in triangulate'
  lib/triangulation.rb:32:in `delete_if'
  lib/triangulation.rb:32:in `block in triangulate'
  lib/triangulation.rb:30:in `each'
  lib/triangulation.rb:30:in `triangulate'
  app/controllers/main_controller.rb:15:in `test'
  <internal:prelude>:10:in `synchronize'
  /usr/local/lib/ruby/1.9.1/webrick/httpserver.rb:111:in `service'
  /usr/local/lib/ruby/1.9.1/webrick/httpserver.rb:70:in `run'
  /usr/local/lib/ruby/1.9.1/webrick/server.rb:183:in `block in start_thread'

Rendered rescues/_trace (12.0ms)
Rendered rescues/_request_and_response (0.3ms)
Rendering rescues/layout (internal_server_error)


Processing MainController#test (for 127.0.0.1 at 2011-04-15 14:19:42) [GET]

NoMethodError (undefined method `circumcircle' for #<Triangle:0x000001012438b0>):
  lib/triangulation.rb:35:in `block (2 levels) in triangulate'
  lib/triangulation.rb:32:in `delete_if'
  lib/triangulation.rb:32:in `block in triangulate'
  lib/triangulation.rb:30:in `each'
  lib/triangulation.rb:30:in `triangulate'
  app/controllers/main_controller.rb:15:in `test'
  <internal:prelude>:10:in `synchronize'
  /usr/local/lib/ruby/1.9.1/webrick/httpserver.rb:111:in `service'
  /usr/local/lib/ruby/1.9.1/webrick/httpserver.rb:70:in `run'
  /usr/local/lib/ruby/1.9.1/webrick/server.rb:183:in `block in start_thread'

Rendered rescues/_trace (12.0ms)
Rendered rescues/_request_and_response (0.2ms)
Rendering rescues/layout (internal_server_error)


Processing MainController#test (for 127.0.0.1 at 2011-04-15 14:19:50) [GET]

NoMethodError (undefined method `circumcircle' for #<Triangle:0x000001008d8938>):
  lib/triangulation.rb:35:in `block (2 levels) in triangulate'
  lib/triangulation.rb:32:in `delete_if'
  lib/triangulation.rb:32:in `block in triangulate'
  lib/triangulation.rb:30:in `each'
  lib/triangulation.rb:30:in `triangulate'
  app/controllers/main_controller.rb:15:in `test'
  <internal:prelude>:10:in `synchronize'
  /usr/local/lib/ruby/1.9.1/webrick/httpserver.rb:111:in `service'
  /usr/local/lib/ruby/1.9.1/webrick/httpserver.rb:70:in `run'
  /usr/local/lib/ruby/1.9.1/webrick/server.rb:183:in `block in start_thread'

Rendered rescues/_trace (12.0ms)
Rendered rescues/_request_and_response (0.2ms)
Rendering rescues/layout (internal_server_error)


Processing MainController#index (for 127.0.0.1 at 2011-04-15 14:19:53) [GET]
Rendering main/index
Completed in 4ms (View: 1 | 200 OK [http://localhost/main/]


Processing MainController#js to js (for 127.0.0.1 at 2011-04-15 14:19:53) [GET]
  Parameters: {"id"=>"canvas"}

ActionController::UnknownAction (No action responded to js. Actions: index and test):
  <internal:prelude>:10:in `synchronize'
  /usr/local/lib/ruby/1.9.1/webrick/httpserver.rb:111:in `service'
  /usr/local/lib/ruby/1.9.1/webrick/httpserver.rb:70:in `run'
  /usr/local/lib/ruby/1.9.1/webrick/server.rb:183:in `block in start_thread'

Rendering rescues/layout (not_found)


Processing ApplicationController#index (for 127.0.0.1 at 2011-04-15 14:19:54) [GET]

ActionController::RoutingError (No route matches "/main/js/jquery-1.3.2.min.js" with {:method=>:get}):
  <internal:prelude>:10:in `synchronize'
  /usr/local/lib/ruby/1.9.1/webrick/httpserver.rb:111:in `service'
  /usr/local/lib/ruby/1.9.1/webrick/httpserver.rb:70:in `run'
  /usr/local/lib/ruby/1.9.1/webrick/server.rb:183:in `block in start_thread'

Rendering rescues/layout (not_found)


Processing ApplicationController#index (for 127.0.0.1 at 2011-04-15 14:19:54) [GET]

ActionController::RoutingError (No route matches "/main/js/jquery-ui-1.7.2.custom.min.js" with {:method=>:get}):
  <internal:prelude>:10:in `synchronize'
  /usr/local/lib/ruby/1.9.1/webrick/httpserver.rb:111:in `service'
  /usr/local/lib/ruby/1.9.1/webrick/httpserver.rb:70:in `run'
  /usr/local/lib/ruby/1.9.1/webrick/server.rb:183:in `block in start_thread'

Rendering rescues/layout (not_found)


Processing MainController#js to js (for 127.0.0.1 at 2011-04-15 14:19:54) [GET]
  Parameters: {"id"=>"cgal-render-json"}

ActionController::UnknownAction (No action responded to js. Actions: index and test):
  <internal:prelude>:10:in `synchronize'
  /usr/local/lib/ruby/1.9.1/webrick/httpserver.rb:111:in `service'
  /usr/local/lib/ruby/1.9.1/webrick/httpserver.rb:70:in `run'
  /usr/local/lib/ruby/1.9.1/webrick/server.rb:183:in `block in start_thread'

Rendering rescues/layout (not_found)


Processing MainController#js to js (for 127.0.0.1 at 2011-04-15 14:19:54) [GET]
  Parameters: {"id"=>"RMesh"}

ActionController::UnknownAction (No action responded to js. Actions: index and test):
  <internal:prelude>:10:in `synchronize'
  /usr/local/lib/ruby/1.9.1/webrick/httpserver.rb:111:in `service'
  /usr/local/lib/ruby/1.9.1/webrick/httpserver.rb:70:in `run'
  /usr/local/lib/ruby/1.9.1/webrick/server.rb:183:in `block in start_thread'

Rendering rescues/layout (not_found)


Processing ApplicationController#index (for 127.0.0.1 at 2011-04-15 14:19:54) [GET]

ActionController::RoutingError (No route matches "/main/themes/redmond/jquery-ui-1.7.2.custom.css" with {:method=>:get}):
  <internal:prelude>:10:in `synchronize'
  /usr/local/lib/ruby/1.9.1/webrick/httpserver.rb:111:in `service'
  /usr/local/lib/ruby/1.9.1/webrick/httpserver.rb:70:in `run'
  /usr/local/lib/ruby/1.9.1/webrick/server.rb:183:in `block in start_thread'

Rendering rescues/layout (not_found)


Processing MainController#css to css (for 127.0.0.1 at 2011-04-15 14:19:54) [GET]
  Parameters: {"id"=>"rmesh"}

ActionController::UnknownAction (No action responded to css. Actions: index and test):
  <internal:prelude>:10:in `synchronize'
  /usr/local/lib/ruby/1.9.1/webrick/httpserver.rb:111:in `service'
  /usr/local/lib/ruby/1.9.1/webrick/httpserver.rb:70:in `run'
  /usr/local/lib/ruby/1.9.1/webrick/server.rb:183:in `block in start_thread'

Rendering rescues/layout (not_found)


Processing MainController#index (for 127.0.0.1 at 2011-04-15 14:20:01) [GET]
Rendering main/index
Completed in 4ms (View: 1 | 200 OK [http://localhost/main/index]


Processing ApplicationController#index (for 127.0.0.1 at 2011-04-15 14:20:01) [GET]

ActionController::RoutingError (No route matches "/main/js/jquery-1.3.2.min.js" with {:method=>:get}):
  <internal:prelude>:10:in `synchronize'
  /usr/local/lib/ruby/1.9.1/webrick/httpserver.rb:111:in `service'
  /usr/local/lib/ruby/1.9.1/webrick/httpserver.rb:70:in `run'
  /usr/local/lib/ruby/1.9.1/webrick/server.rb:183:in `block in start_thread'

Rendering rescues/layout (not_found)


Processing ApplicationController#index (for 127.0.0.1 at 2011-04-15 14:20:01) [GET]

ActionController::RoutingError (No route matches "/main/js/jquery-ui-1.7.2.custom.min.js" with {:method=>:get}):
  <internal:prelude>:10:in `synchronize'
  /usr/local/lib/ruby/1.9.1/webrick/httpserver.rb:111:in `service'
  /usr/local/lib/ruby/1.9.1/webrick/httpserver.rb:70:in `run'
  /usr/local/lib/ruby/1.9.1/webrick/server.rb:183:in `block in start_thread'

Rendering rescues/layout (not_found)


Processing MainController#js to js (for 127.0.0.1 at 2011-04-15 14:20:01) [GET]
  Parameters: {"id"=>"cgal-render-json"}

ActionController::UnknownAction (No action responded to js. Actions: index and test):
  <internal:prelude>:10:in `synchronize'
  /usr/local/lib/ruby/1.9.1/webrick/httpserver.rb:111:in `service'
  /usr/local/lib/ruby/1.9.1/webrick/httpserver.rb:70:in `run'
  /usr/local/lib/ruby/1.9.1/webrick/server.rb:183:in `block in start_thread'

Rendering rescues/layout (not_found)


Processing MainController#js to js (for 127.0.0.1 at 2011-04-15 14:20:01) [GET]
  Parameters: {"id"=>"RMesh"}

ActionController::UnknownAction (No action responded to js. Actions: index and test):
  <internal:prelude>:10:in `synchronize'
  /usr/local/lib/ruby/1.9.1/webrick/httpserver.rb:111:in `service'
  /usr/local/lib/ruby/1.9.1/webrick/httpserver.rb:70:in `run'
  /usr/local/lib/ruby/1.9.1/webrick/server.rb:183:in `block in start_thread'

Rendering rescues/layout (not_found)


Processing MainController#js to js (for 127.0.0.1 at 2011-04-15 14:20:01) [GET]
  Parameters: {"id"=>"canvas"}

ActionController::UnknownAction (No action responded to js. Actions: index and test):
  <internal:prelude>:10:in `synchronize'
  /usr/local/lib/ruby/1.9.1/webrick/httpserver.rb:111:in `service'
  /usr/local/lib/ruby/1.9.1/webrick/httpserver.rb:70:in `run'
  /usr/local/lib/ruby/1.9.1/webrick/server.rb:183:in `block in start_thread'

Rendering rescues/layout (not_found)


Processing ApplicationController#index (for 127.0.0.1 at 2011-04-15 14:20:01) [GET]

ActionController::RoutingError (No route matches "/main/themes/redmond/jquery-ui-1.7.2.custom.css" with {:method=>:get}):
  <internal:prelude>:10:in `synchronize'
  /usr/local/lib/ruby/1.9.1/webrick/httpserver.rb:111:in `service'
  /usr/local/lib/ruby/1.9.1/webrick/httpserver.rb:70:in `run'
  /usr/local/lib/ruby/1.9.1/webrick/server.rb:183:in `block in start_thread'

Rendering rescues/layout (not_found)


Processing MainController#css to css (for 127.0.0.1 at 2011-04-15 14:20:01) [GET]
  Parameters: {"id"=>"rmesh"}

ActionController::UnknownAction (No action responded to css. Actions: index and test):
  <internal:prelude>:10:in `synchronize'
  /usr/local/lib/ruby/1.9.1/webrick/httpserver.rb:111:in `service'
  /usr/local/lib/ruby/1.9.1/webrick/httpserver.rb:70:in `run'
  /usr/local/lib/ruby/1.9.1/webrick/server.rb:183:in `block in start_thread'

Rendering rescues/layout (not_found)


Processing MainController#test (for 127.0.0.1 at 2011-04-15 14:20:05) [GET]

NoMethodError (undefined method `circumcircle' for #<Triangle:0x000001028dace0>):
  lib/triangulation.rb:35:in `block (2 levels) in triangulate'
  lib/triangulation.rb:32:in `delete_if'
  lib/triangulation.rb:32:in `block in triangulate'
  lib/triangulation.rb:30:in `each'
  lib/triangulation.rb:30:in `triangulate'
  app/controllers/main_controller.rb:15:in `test'
  <internal:prelude>:10:in `synchronize'
  /usr/local/lib/ruby/1.9.1/webrick/httpserver.rb:111:in `service'
  /usr/local/lib/ruby/1.9.1/webrick/httpserver.rb:70:in `run'
  /usr/local/lib/ruby/1.9.1/webrick/server.rb:183:in `block in start_thread'

Rendered rescues/_trace (12.3ms)
Rendered rescues/_request_and_response (0.3ms)
Rendering rescues/layout (internal_server_error)


Processing MainController#test (for 127.0.0.1 at 2011-04-15 14:21:09) [GET]
Rendering main/test
Completed in 999ms (View: 29 | 200 OK [http://localhost/main/test]


Processing ApplicationController#index (for 127.0.0.1 at 2011-04-15 14:21:10) [GET]

ActionController::RoutingError (No route matches "/main/js/jquery-1.3.2.min.js" with {:method=>:get}):
  <internal:prelude>:10:in `synchronize'
  /usr/local/lib/ruby/1.9.1/webrick/httpserver.rb:111:in `service'
  /usr/local/lib/ruby/1.9.1/webrick/httpserver.rb:70:in `run'
  /usr/local/lib/ruby/1.9.1/webrick/server.rb:183:in `block in start_thread'

Rendering rescues/layout (not_found)


Processing MainController#js to js (for 127.0.0.1 at 2011-04-15 14:21:10) [GET]
  Parameters: {"id"=>"canvas"}

ActionController::UnknownAction (No action responded to js. Actions: index and test):
  <internal:prelude>:10:in `synchronize'
  /usr/local/lib/ruby/1.9.1/webrick/httpserver.rb:111:in `service'
  /usr/local/lib/ruby/1.9.1/webrick/httpserver.rb:70:in `run'
  /usr/local/lib/ruby/1.9.1/webrick/server.rb:183:in `block in start_thread'

Rendering rescues/layout (not_found)


Processing MainController#js to js (for 127.0.0.1 at 2011-04-15 14:21:10) [GET]
  Parameters: {"id"=>"cgal-render-json"}

ActionController::UnknownAction (No action responded to js. Actions: index and test):
  <internal:prelude>:10:in `synchronize'
  /usr/local/lib/ruby/1.9.1/webrick/httpserver.rb:111:in `service'
  /usr/local/lib/ruby/1.9.1/webrick/httpserver.rb:70:in `run'
  /usr/local/lib/ruby/1.9.1/webrick/server.rb:183:in `block in start_thread'

Rendering rescues/layout (not_found)


Processing MainController#js to js (for 127.0.0.1 at 2011-04-15 14:21:10) [GET]
  Parameters: {"id"=>"RMesh"}

ActionController::UnknownAction (No action responded to js. Actions: index and test):
  <internal:prelude>:10:in `synchronize'
  /usr/local/lib/ruby/1.9.1/webrick/httpserver.rb:111:in `service'
  /usr/local/lib/ruby/1.9.1/webrick/httpserver.rb:70:in `run'
  /usr/local/lib/ruby/1.9.1/webrick/server.rb:183:in `block in start_thread'

Rendering rescues/layout (not_found)


Processing ApplicationController#index (for 127.0.0.1 at 2011-04-15 14:21:10) [GET]

ActionController::RoutingError (No route matches "/main/themes/redmond/jquery-ui-1.7.2.custom.css" with {:method=>:get}):
  <internal:prelude>:10:in `synchronize'
  /usr/local/lib/ruby/1.9.1/webrick/httpserver.rb:111:in `service'
  /usr/local/lib/ruby/1.9.1/webrick/httpserver.rb:70:in `run'
  /usr/local/lib/ruby/1.9.1/webrick/server.rb:183:in `block in start_thread'

Rendering rescues/layout (not_found)


Processing ApplicationController#index (for 127.0.0.1 at 2011-04-15 14:21:10) [GET]

ActionController::RoutingError (No route matches "/main/js/jquery-ui-1.7.2.custom.min.js" with {:method=>:get}):
  <internal:prelude>:10:in `synchronize'
  /usr/local/lib/ruby/1.9.1/webrick/httpserver.rb:111:in `service'
  /usr/local/lib/ruby/1.9.1/webrick/httpserver.rb:70:in `run'
  /usr/local/lib/ruby/1.9.1/webrick/server.rb:183:in `block in start_thread'

Rendering rescues/layout (not_found)


Processing MainController#css to css (for 127.0.0.1 at 2011-04-15 14:21:10) [GET]
  Parameters: {"id"=>"rmesh"}

ActionController::UnknownAction (No action responded to css. Actions: index and test):
  <internal:prelude>:10:in `synchronize'
  /usr/local/lib/ruby/1.9.1/webrick/httpserver.rb:111:in `service'
  /usr/local/lib/ruby/1.9.1/webrick/httpserver.rb:70:in `run'
  /usr/local/lib/ruby/1.9.1/webrick/server.rb:183:in `block in start_thread'

Rendering rescues/layout (not_found)


Processing MainController#test (for 127.0.0.1 at 2011-04-15 14:24:23) [GET]

NoMethodError (undefined method `circumcircle' for #<Triangle:0x00000100f57020>):
  lib/triangulation.rb:43:in `block (2 levels) in triangulate'
  lib/triangulation.rb:40:in `delete_if'
  lib/triangulation.rb:40:in `block in triangulate'
  lib/triangulation.rb:38:in `each'
  lib/triangulation.rb:38:in `triangulate'
  app/controllers/main_controller.rb:15:in `test'
  <internal:prelude>:10:in `synchronize'
  /usr/local/lib/ruby/1.9.1/webrick/httpserver.rb:111:in `service'
  /usr/local/lib/ruby/1.9.1/webrick/httpserver.rb:70:in `run'
  /usr/local/lib/ruby/1.9.1/webrick/server.rb:183:in `block in start_thread'

Rendered rescues/_trace (12.9ms)
Rendered rescues/_request_and_response (1.1ms)
Rendering rescues/layout (internal_server_error)


Processing MainController#test (for 127.0.0.1 at 2011-04-15 14:24:29) [GET]

NoMethodError (undefined method `circumcircle' for #<Triangle:0x00000100d742a8>):
  lib/triangulation.rb:43:in `block (2 levels) in triangulate'
  lib/triangulation.rb:40:in `delete_if'
  lib/triangulation.rb:40:in `block in triangulate'
  lib/triangulation.rb:38:in `each'
  lib/triangulation.rb:38:in `triangulate'
  app/controllers/main_controller.rb:15:in `test'
  <internal:prelude>:10:in `synchronize'
  /usr/local/lib/ruby/1.9.1/webrick/httpserver.rb:111:in `service'
  /usr/local/lib/ruby/1.9.1/webrick/httpserver.rb:70:in `run'
  /usr/local/lib/ruby/1.9.1/webrick/server.rb:183:in `block in start_thread'

Rendered rescues/_trace (12.0ms)
Rendered rescues/_request_and_response (0.2ms)
Rendering rescues/layout (internal_server_error)


Processing MainController#test (for 127.0.0.1 at 2011-04-15 14:24:42) [GET]
Rendering main/test
Completed in 1034ms (View: 47 | 200 OK [http://localhost/main/test]


Processing MainController#js to js (for 127.0.0.1 at 2011-04-15 14:24:43) [GET]
  Parameters: {"id"=>"canvas"}

ActionController::UnknownAction (No action responded to js. Actions: index and test):
  <internal:prelude>:10:in `synchronize'
  /usr/local/lib/ruby/1.9.1/webrick/httpserver.rb:111:in `service'
  /usr/local/lib/ruby/1.9.1/webrick/httpserver.rb:70:in `run'
  /usr/local/lib/ruby/1.9.1/webrick/server.rb:183:in `block in start_thread'

Rendering rescues/layout (not_found)


Processing ApplicationController#index (for 127.0.0.1 at 2011-04-15 14:24:43) [GET]

ActionController::RoutingError (No route matches "/main/js/jquery-1.3.2.min.js" with {:method=>:get}):
  <internal:prelude>:10:in `synchronize'
  /usr/local/lib/ruby/1.9.1/webrick/httpserver.rb:111:in `service'
  /usr/local/lib/ruby/1.9.1/webrick/httpserver.rb:70:in `run'
  /usr/local/lib/ruby/1.9.1/webrick/server.rb:183:in `block in start_thread'

Rendering rescues/layout (not_found)


Processing ApplicationController#index (for 127.0.0.1 at 2011-04-15 14:24:43) [GET]

ActionController::RoutingError (No route matches "/main/js/jquery-ui-1.7.2.custom.min.js" with {:method=>:get}):
  <internal:prelude>:10:in `synchronize'
  /usr/local/lib/ruby/1.9.1/webrick/httpserver.rb:111:in `service'
  /usr/local/lib/ruby/1.9.1/webrick/httpserver.rb:70:in `run'
  /usr/local/lib/ruby/1.9.1/webrick/server.rb:183:in `block in start_thread'

Rendering rescues/layout (not_found)


Processing MainController#js to js (for 127.0.0.1 at 2011-04-15 14:24:43) [GET]
  Parameters: {"id"=>"cgal-render-json"}

ActionController::UnknownAction (No action responded to js. Actions: index and test):
  <internal:prelude>:10:in `synchronize'
  /usr/local/lib/ruby/1.9.1/webrick/httpserver.rb:111:in `service'
  /usr/local/lib/ruby/1.9.1/webrick/httpserver.rb:70:in `run'
  /usr/local/lib/ruby/1.9.1/webrick/server.rb:183:in `block in start_thread'

Rendering rescues/layout (not_found)


Processing MainController#js to js (for 127.0.0.1 at 2011-04-15 14:24:43) [GET]
  Parameters: {"id"=>"RMesh"}

ActionController::UnknownAction (No action responded to js. Actions: index and test):
  <internal:prelude>:10:in `synchronize'
  /usr/local/lib/ruby/1.9.1/webrick/httpserver.rb:111:in `service'
  /usr/local/lib/ruby/1.9.1/webrick/httpserver.rb:70:in `run'
  /usr/local/lib/ruby/1.9.1/webrick/server.rb:183:in `block in start_thread'

Rendering rescues/layout (not_found)


Processing ApplicationController#index (for 127.0.0.1 at 2011-04-15 14:24:43) [GET]

ActionController::RoutingError (No route matches "/main/themes/redmond/jquery-ui-1.7.2.custom.css" with {:method=>:get}):
  <internal:prelude>:10:in `synchronize'
  /usr/local/lib/ruby/1.9.1/webrick/httpserver.rb:111:in `service'
  /usr/local/lib/ruby/1.9.1/webrick/httpserver.rb:70:in `run'
  /usr/local/lib/ruby/1.9.1/webrick/server.rb:183:in `block in start_thread'

Rendering rescues/layout (not_found)


Processing MainController#css to css (for 127.0.0.1 at 2011-04-15 14:24:43) [GET]
  Parameters: {"id"=>"rmesh"}

ActionController::UnknownAction (No action responded to css. Actions: index and test):
  <internal:prelude>:10:in `synchronize'
  /usr/local/lib/ruby/1.9.1/webrick/httpserver.rb:111:in `service'
  /usr/local/lib/ruby/1.9.1/webrick/httpserver.rb:70:in `run'
  /usr/local/lib/ruby/1.9.1/webrick/server.rb:183:in `block in start_thread'

Rendering rescues/layout (not_found)


Processing MainController#test (for 127.0.0.1 at 2011-04-15 14:26:36) [GET]

NoMethodError (undefined method `circumcircle' for #<Triangle:0x00000101125a50>):
  lib/triangulation.rb:43:in `block (2 levels) in triangulate'
  lib/triangulation.rb:40:in `delete_if'
  lib/triangulation.rb:40:in `block in triangulate'
  lib/triangulation.rb:38:in `each'
  lib/triangulation.rb:38:in `triangulate'
  app/controllers/main_controller.rb:15:in `test'
  <internal:prelude>:10:in `synchronize'
  /usr/local/lib/ruby/1.9.1/webrick/httpserver.rb:111:in `service'
  /usr/local/lib/ruby/1.9.1/webrick/httpserver.rb:70:in `run'
  /usr/local/lib/ruby/1.9.1/webrick/server.rb:183:in `block in start_thread'

Rendered rescues/_trace (37.1ms)
Rendered rescues/_request_and_response (1.0ms)
Rendering rescues/layout (internal_server_error)


Processing MainController#test (for 127.0.0.1 at 2011-04-15 14:26:46) [GET]
Rendering main/test
Completed in 1105ms (View: 88 | 200 OK [http://localhost/main/test]


Processing MainController#js to js (for 127.0.0.1 at 2011-04-15 14:26:47) [GET]
  Parameters: {"id"=>"canvas"}

ActionController::UnknownAction (No action responded to js. Actions: index and test):
  <internal:prelude>:10:in `synchronize'
  /usr/local/lib/ruby/1.9.1/webrick/httpserver.rb:111:in `service'
  /usr/local/lib/ruby/1.9.1/webrick/httpserver.rb:70:in `run'
  /usr/local/lib/ruby/1.9.1/webrick/server.rb:183:in `block in start_thread'

Rendering rescues/layout (not_found)


Processing ApplicationController#index (for 127.0.0.1 at 2011-04-15 14:26:47) [GET]

ActionController::RoutingError (No route matches "/main/js/jquery-1.3.2.min.js" with {:method=>:get}):
  <internal:prelude>:10:in `synchronize'
  /usr/local/lib/ruby/1.9.1/webrick/httpserver.rb:111:in `service'
  /usr/local/lib/ruby/1.9.1/webrick/httpserver.rb:70:in `run'
  /usr/local/lib/ruby/1.9.1/webrick/server.rb:183:in `block in start_thread'

Rendering rescues/layout (not_found)


Processing MainController#js to js (for 127.0.0.1 at 2011-04-15 14:26:47) [GET]
  Parameters: {"id"=>"cgal-render-json"}

ActionController::UnknownAction (No action responded to js. Actions: index and test):
  <internal:prelude>:10:in `synchronize'
  /usr/local/lib/ruby/1.9.1/webrick/httpserver.rb:111:in `service'
  /usr/local/lib/ruby/1.9.1/webrick/httpserver.rb:70:in `run'
  /usr/local/lib/ruby/1.9.1/webrick/server.rb:183:in `block in start_thread'

Rendering rescues/layout (not_found)


Processing ApplicationController#index (for 127.0.0.1 at 2011-04-15 14:26:47) [GET]

ActionController::RoutingError (No route matches "/main/js/jquery-ui-1.7.2.custom.min.js" with {:method=>:get}):
  <internal:prelude>:10:in `synchronize'
  /usr/local/lib/ruby/1.9.1/webrick/httpserver.rb:111:in `service'
  /usr/local/lib/ruby/1.9.1/webrick/httpserver.rb:70:in `run'
  /usr/local/lib/ruby/1.9.1/webrick/server.rb:183:in `block in start_thread'

Rendering rescues/layout (not_found)


Processing MainController#js to js (for 127.0.0.1 at 2011-04-15 14:26:47) [GET]
  Parameters: {"id"=>"RMesh"}

ActionController::UnknownAction (No action responded to js. Actions: index and test):
  <internal:prelude>:10:in `synchronize'
  /usr/local/lib/ruby/1.9.1/webrick/httpserver.rb:111:in `service'
  /usr/local/lib/ruby/1.9.1/webrick/httpserver.rb:70:in `run'
  /usr/local/lib/ruby/1.9.1/webrick/server.rb:183:in `block in start_thread'

Rendering rescues/layout (not_found)


Processing ApplicationController#index (for 127.0.0.1 at 2011-04-15 14:26:47) [GET]

ActionController::RoutingError (No route matches "/main/themes/redmond/jquery-ui-1.7.2.custom.css" with {:method=>:get}):
  <internal:prelude>:10:in `synchronize'
  /usr/local/lib/ruby/1.9.1/webrick/httpserver.rb:111:in `service'
  /usr/local/lib/ruby/1.9.1/webrick/httpserver.rb:70:in `run'
  /usr/local/lib/ruby/1.9.1/webrick/server.rb:183:in `block in start_thread'

Rendering rescues/layout (not_found)


Processing MainController#css to css (for 127.0.0.1 at 2011-04-15 14:26:47) [GET]
  Parameters: {"id"=>"rmesh"}

ActionController::UnknownAction (No action responded to css. Actions: index and test):
  <internal:prelude>:10:in `synchronize'
  /usr/local/lib/ruby/1.9.1/webrick/httpserver.rb:111:in `service'
  /usr/local/lib/ruby/1.9.1/webrick/httpserver.rb:70:in `run'
  /usr/local/lib/ruby/1.9.1/webrick/server.rb:183:in `block in start_thread'

Rendering rescues/layout (not_found)


Processing MainController#test (for 127.0.0.1 at 2011-04-15 14:27:08) [GET]
Rendering main/test
Completed in 1122ms (View: 141 | 200 OK [http://localhost/main/test]


Processing ApplicationController#index (for 127.0.0.1 at 2011-04-15 14:27:09) [GET]

ActionController::RoutingError (No route matches "/main/js/jquery-1.3.2.min.js" with {:method=>:get}):
  <internal:prelude>:10:in `synchronize'
  /usr/local/lib/ruby/1.9.1/webrick/httpserver.rb:111:in `service'
  /usr/local/lib/ruby/1.9.1/webrick/httpserver.rb:70:in `run'
  /usr/local/lib/ruby/1.9.1/webrick/server.rb:183:in `block in start_thread'

Rendering rescues/layout (not_found)


Processing MainController#js to js (for 127.0.0.1 at 2011-04-15 14:27:09) [GET]
  Parameters: {"id"=>"canvas"}

ActionController::UnknownAction (No action responded to js. Actions: index and test):
  <internal:prelude>:10:in `synchronize'
  /usr/local/lib/ruby/1.9.1/webrick/httpserver.rb:111:in `service'
  /usr/local/lib/ruby/1.9.1/webrick/httpserver.rb:70:in `run'
  /usr/local/lib/ruby/1.9.1/webrick/server.rb:183:in `block in start_thread'

Rendering rescues/layout (not_found)


Processing ApplicationController#index (for 127.0.0.1 at 2011-04-15 14:27:10) [GET]

ActionController::RoutingError (No route matches "/main/js/jquery-ui-1.7.2.custom.min.js" with {:method=>:get}):
  <internal:prelude>:10:in `synchronize'
  /usr/local/lib/ruby/1.9.1/webrick/httpserver.rb:111:in `service'
  /usr/local/lib/ruby/1.9.1/webrick/httpserver.rb:70:in `run'
  /usr/local/lib/ruby/1.9.1/webrick/server.rb:183:in `block in start_thread'

Rendering rescues/layout (not_found)


Processing MainController#js to js (for 127.0.0.1 at 2011-04-15 14:27:10) [GET]
  Parameters: {"id"=>"RMesh"}

ActionController::UnknownAction (No action responded to js. Actions: index and test):
  <internal:prelude>:10:in `synchronize'
  /usr/local/lib/ruby/1.9.1/webrick/httpserver.rb:111:in `service'
  /usr/local/lib/ruby/1.9.1/webrick/httpserver.rb:70:in `run'
  /usr/local/lib/ruby/1.9.1/webrick/server.rb:183:in `block in start_thread'

Rendering rescues/layout (not_found)


Processing ApplicationController#index (for 127.0.0.1 at 2011-04-15 14:27:10) [GET]

ActionController::RoutingError (No route matches "/main/themes/redmond/jquery-ui-1.7.2.custom.css" with {:method=>:get}):
  <internal:prelude>:10:in `synchronize'
  /usr/local/lib/ruby/1.9.1/webrick/httpserver.rb:111:in `service'
  /usr/local/lib/ruby/1.9.1/webrick/httpserver.rb:70:in `run'
  /usr/local/lib/ruby/1.9.1/webrick/server.rb:183:in `block in start_thread'

Rendering rescues/layout (not_found)


Processing MainController#js to js (for 127.0.0.1 at 2011-04-15 14:27:10) [GET]
  Parameters: {"id"=>"cgal-render-json"}

ActionController::UnknownAction (No action responded to js. Actions: index and test):
  <internal:prelude>:10:in `synchronize'
  /usr/local/lib/ruby/1.9.1/webrick/httpserver.rb:111:in `service'
  /usr/local/lib/ruby/1.9.1/webrick/httpserver.rb:70:in `run'
  /usr/local/lib/ruby/1.9.1/webrick/server.rb:183:in `block in start_thread'

Rendering rescues/layout (not_found)


Processing MainController#css to css (for 127.0.0.1 at 2011-04-15 14:27:10) [GET]
  Parameters: {"id"=>"rmesh"}

ActionController::UnknownAction (No action responded to css. Actions: index and test):
  <internal:prelude>:10:in `synchronize'
  /usr/local/lib/ruby/1.9.1/webrick/httpserver.rb:111:in `service'
  /usr/local/lib/ruby/1.9.1/webrick/httpserver.rb:70:in `run'
  /usr/local/lib/ruby/1.9.1/webrick/server.rb:183:in `block in start_thread'

Rendering rescues/layout (not_found)


Processing MainController#test (for 127.0.0.1 at 2011-04-15 14:28:04) [GET]
Rendering main/test
Completed in 1039ms (View: 48 | 200 OK [http://localhost/main/test]


Processing MainController#js to js (for 127.0.0.1 at 2011-04-15 14:28:05) [GET]
  Parameters: {"id"=>"canvas"}

ActionController::UnknownAction (No action responded to js. Actions: index and test):
  <internal:prelude>:10:in `synchronize'
  /usr/local/lib/ruby/1.9.1/webrick/httpserver.rb:111:in `service'
  /usr/local/lib/ruby/1.9.1/webrick/httpserver.rb:70:in `run'
  /usr/local/lib/ruby/1.9.1/webrick/server.rb:183:in `block in start_thread'

Rendering rescues/layout (not_found)


Processing ApplicationController#index (for 127.0.0.1 at 2011-04-15 14:28:05) [GET]

ActionController::RoutingError (No route matches "/main/js/jquery-ui-1.7.2.custom.min.js" with {:method=>:get}):
  <internal:prelude>:10:in `synchronize'
  /usr/local/lib/ruby/1.9.1/webrick/httpserver.rb:111:in `service'
  /usr/local/lib/ruby/1.9.1/webrick/httpserver.rb:70:in `run'
  /usr/local/lib/ruby/1.9.1/webrick/server.rb:183:in `block in start_thread'

Rendering rescues/layout (not_found)


Processing MainController#js to js (for 127.0.0.1 at 2011-04-15 14:28:05) [GET]
  Parameters: {"id"=>"cgal-render-json"}

ActionController::UnknownAction (No action responded to js. Actions: index and test):
  <internal:prelude>:10:in `synchronize'
  /usr/local/lib/ruby/1.9.1/webrick/httpserver.rb:111:in `service'
  /usr/local/lib/ruby/1.9.1/webrick/httpserver.rb:70:in `run'
  /usr/local/lib/ruby/1.9.1/webrick/server.rb:183:in `block in start_thread'

Rendering rescues/layout (not_found)


Processing MainController#js to js (for 127.0.0.1 at 2011-04-15 14:28:05) [GET]
  Parameters: {"id"=>"RMesh"}

ActionController::UnknownAction (No action responded to js. Actions: index and test):
  <internal:prelude>:10:in `synchronize'
  /usr/local/lib/ruby/1.9.1/webrick/httpserver.rb:111:in `service'
  /usr/local/lib/ruby/1.9.1/webrick/httpserver.rb:70:in `run'
  /usr/local/lib/ruby/1.9.1/webrick/server.rb:183:in `block in start_thread'

Rendering rescues/layout (not_found)


Processing ApplicationController#index (for 127.0.0.1 at 2011-04-15 14:28:05) [GET]

ActionController::RoutingError (No route matches "/main/js/jquery-1.3.2.min.js" with {:method=>:get}):
  <internal:prelude>:10:in `synchronize'
  /usr/local/lib/ruby/1.9.1/webrick/httpserver.rb:111:in `service'
  /usr/local/lib/ruby/1.9.1/webrick/httpserver.rb:70:in `run'
  /usr/local/lib/ruby/1.9.1/webrick/server.rb:183:in `block in start_thread'

Rendering rescues/layout (not_found)


Processing ApplicationController#index (for 127.0.0.1 at 2011-04-15 14:28:05) [GET]

ActionController::RoutingError (No route matches "/main/themes/redmond/jquery-ui-1.7.2.custom.css" with {:method=>:get}):
  <internal:prelude>:10:in `synchronize'
  /usr/local/lib/ruby/1.9.1/webrick/httpserver.rb:111:in `service'
  /usr/local/lib/ruby/1.9.1/webrick/httpserver.rb:70:in `run'
  /usr/local/lib/ruby/1.9.1/webrick/server.rb:183:in `block in start_thread'

Rendering rescues/layout (not_found)


Processing MainController#css to css (for 127.0.0.1 at 2011-04-15 14:28:05) [GET]
  Parameters: {"id"=>"rmesh"}

ActionController::UnknownAction (No action responded to css. Actions: index and test):
  <internal:prelude>:10:in `synchronize'
  /usr/local/lib/ruby/1.9.1/webrick/httpserver.rb:111:in `service'
  /usr/local/lib/ruby/1.9.1/webrick/httpserver.rb:70:in `run'
  /usr/local/lib/ruby/1.9.1/webrick/server.rb:183:in `block in start_thread'

Rendering rescues/layout (not_found)


Processing MainController#test (for 127.0.0.1 at 2011-04-15 14:36:37) [GET]

NoMethodError (undefined method `circumcircle' for #<Triangle:0x00000100dda5a8>):
  lib/triangulation.rb:43:in `block (2 levels) in triangulate'
  lib/triangulation.rb:40:in `delete_if'
  lib/triangulation.rb:40:in `block in triangulate'
  lib/triangulation.rb:38:in `each'
  lib/triangulation.rb:38:in `triangulate'
  app/controllers/main_controller.rb:15:in `test'
  <internal:prelude>:10:in `synchronize'
  /usr/local/lib/ruby/1.9.1/webrick/httpserver.rb:111:in `service'
  /usr/local/lib/ruby/1.9.1/webrick/httpserver.rb:70:in `run'
  /usr/local/lib/ruby/1.9.1/webrick/server.rb:183:in `block in start_thread'

Rendered rescues/_trace (37.7ms)
Rendered rescues/_request_and_response (1.0ms)
Rendering rescues/layout (internal_server_error)


Processing MainController#test (for 127.0.0.1 at 2011-04-15 14:36:48) [GET]
Completed in 1354ms (View: 391 | 200 OK [http://localhost/main/test]


Processing MainController#test (for 127.0.0.1 at 2011-04-15 14:36:52) [GET]

NoMethodError (undefined method `circumcircle' for #<Triangle:0x00000100c97b50>):
  lib/triangulation.rb:43:in `block (2 levels) in triangulate'
  lib/triangulation.rb:40:in `delete_if'
  lib/triangulation.rb:40:in `block in triangulate'
  lib/triangulation.rb:38:in `each'
  lib/triangulation.rb:38:in `triangulate'
  app/controllers/main_controller.rb:15:in `test'
  <internal:prelude>:10:in `synchronize'
  /usr/local/lib/ruby/1.9.1/webrick/httpserver.rb:111:in `service'
  /usr/local/lib/ruby/1.9.1/webrick/httpserver.rb:70:in `run'
  /usr/local/lib/ruby/1.9.1/webrick/server.rb:183:in `block in start_thread'

Rendered rescues/_trace (34.6ms)
Rendered rescues/_request_and_response (1.1ms)
Rendering rescues/layout (internal_server_error)


Processing MainController#test (for 127.0.0.1 at 2011-04-15 14:36:53) [GET]

NoMethodError (undefined method `circumcircle' for #<Triangle:0x00000101310928>):
  lib/triangulation.rb:43:in `block (2 levels) in triangulate'
  lib/triangulation.rb:40:in `delete_if'
  lib/triangulation.rb:40:in `block in triangulate'
  lib/triangulation.rb:38:in `each'
  lib/triangulation.rb:38:in `triangulate'
  app/controllers/main_controller.rb:15:in `test'
  <internal:prelude>:10:in `synchronize'
  /usr/local/lib/ruby/1.9.1/webrick/httpserver.rb:111:in `service'
  /usr/local/lib/ruby/1.9.1/webrick/httpserver.rb:70:in `run'
  /usr/local/lib/ruby/1.9.1/webrick/server.rb:183:in `block in start_thread'

Rendered rescues/_trace (12.0ms)
Rendered rescues/_request_and_response (0.3ms)
Rendering rescues/layout (internal_server_error)


Processing MainController#test (for 127.0.0.1 at 2011-04-15 14:37:01) [GET]
Completed in 1352ms (View: 386 | 200 OK [http://localhost/main/test]


Processing MainController#test (for 127.0.0.1 at 2011-04-15 14:38:55) [GET]
Completed in 1363ms (View: 384 | 200 OK [http://localhost/main/test]


Processing MainController#test (for 127.0.0.1 at 2011-04-15 14:38:59) [GET]

NoMethodError (undefined method `circumcircle' for #<Triangle:0x0000010087c138>):
  lib/triangulation.rb:43:in `block (2 levels) in triangulate'
  lib/triangulation.rb:40:in `delete_if'
  lib/triangulation.rb:40:in `block in triangulate'
  lib/triangulation.rb:38:in `each'
  lib/triangulation.rb:38:in `triangulate'
  app/controllers/main_controller.rb:15:in `test'
  <internal:prelude>:10:in `synchronize'
  /usr/local/lib/ruby/1.9.1/webrick/httpserver.rb:111:in `service'
  /usr/local/lib/ruby/1.9.1/webrick/httpserver.rb:70:in `run'
  /usr/local/lib/ruby/1.9.1/webrick/server.rb:183:in `block in start_thread'

Rendered rescues/_trace (12.7ms)
Rendered rescues/_request_and_response (1.0ms)
Rendering rescues/layout (internal_server_error)


Processing MainController#test (for 127.0.0.1 at 2011-04-15 14:42:02) [GET]
Completed in 1345ms (View: 390 | 200 OK [http://localhost/main/test]


Processing MainController#test (for 127.0.0.1 at 2011-04-15 14:42:04) [GET]
Completed in 1344ms (View: 381 | 200 OK [http://localhost/main/test]


Processing MainController#test (for 127.0.0.1 at 2011-04-15 14:47:27) [GET]

SyntaxError (/Users/ryan/projects/rubymesh/lib/triangulation.rb:35: syntax error, unexpected keyword_end, expecting ']'
/Users/ryan/projects/rubymesh/lib/triangulation.rb:151: syntax error, unexpected $end, expecting keyword_end):
  app/controllers/main_controller.rb:14:in `test'
  <internal:prelude>:10:in `synchronize'
  /usr/local/lib/ruby/1.9.1/webrick/httpserver.rb:111:in `service'
  /usr/local/lib/ruby/1.9.1/webrick/httpserver.rb:70:in `run'
  /usr/local/lib/ruby/1.9.1/webrick/server.rb:183:in `block in start_thread'

Rendered rescues/_trace (14.6ms)
Rendered rescues/_request_and_response (0.3ms)
Rendering rescues/layout (internal_server_error)


Processing MainController#test (for 127.0.0.1 at 2011-04-15 14:47:57) [GET]

NoMethodError (undefined method `points=' for {}:Hash):
  lib/triangulation.rb:29:in `to_json'
  app/controllers/main_controller.rb:16:in `test'
  <internal:prelude>:10:in `synchronize'
  /usr/local/lib/ruby/1.9.1/webrick/httpserver.rb:111:in `service'
  /usr/local/lib/ruby/1.9.1/webrick/httpserver.rb:70:in `run'
  /usr/local/lib/ruby/1.9.1/webrick/server.rb:183:in `block in start_thread'

Rendered rescues/_trace (11.4ms)
Rendered rescues/_request_and_response (0.2ms)
Rendering rescues/layout (internal_server_error)


Processing MainController#test (for 127.0.0.1 at 2011-04-15 14:50:59) [GET]

NoMethodError (undefined method `triangles' for {:points=>[], :triangles=>[], :quadrangles=>[]}:Hash):
  lib/triangulation.rb:34:in `block in to_json'
  lib/triangulation.rb:33:in `each'
  lib/triangulation.rb:33:in `to_json'
  app/controllers/main_controller.rb:16:in `test'
  <internal:prelude>:10:in `synchronize'
  /usr/local/lib/ruby/1.9.1/webrick/httpserver.rb:111:in `service'
  /usr/local/lib/ruby/1.9.1/webrick/httpserver.rb:70:in `run'
  /usr/local/lib/ruby/1.9.1/webrick/server.rb:183:in `block in start_thread'

Rendered rescues/_trace (28.2ms)
Rendered rescues/_request_and_response (0.3ms)
Rendering rescues/layout (internal_server_error)


Processing MainController#test (for 127.0.0.1 at 2011-04-15 14:53:07) [GET]
Completed in 1344ms (View: 387 | 200 OK [http://localhost/main/test]


Processing MainController#test (for 127.0.0.1 at 2011-04-15 17:19:41) [GET]
Completed in 1384ms (View: 396 | 200 OK [http://localhost/main/test]


Processing MainController#test (for 127.0.0.1 at 2011-04-15 17:21:01) [GET]
Completed in 1393ms (View: 388 | 200 OK [http://localhost/main/test]


Processing MainController#test (for 127.0.0.1 at 2011-04-15 17:21:38) [GET]
Completed in 998ms (View: 1 | 200 OK [http://localhost/main/test]


Processing MainController#test (for 127.0.0.1 at 2011-04-15 17:21:49) [GET]
Completed in 1373ms (View: 390 | 200 OK [http://localhost/main/test]


Processing MainController#test (for 127.0.0.1 at 2011-04-15 17:22:53) [GET]
Completed in 1445ms (View: 1 | 200 OK [http://localhost/main/test]


Processing MainController#test (for 127.0.0.1 at 2011-04-15 17:23:02) [GET]
Completed in 1403ms (View: 395 | 200 OK [http://localhost/main/test]


Processing MainController#index (for 127.0.0.1 at 2011-04-15 17:26:03) [GET]
Rendering main/index
Completed in 40ms (View: 37 | 200 OK [http://localhost/main/]


Processing MainController#js to js (for 127.0.0.1 at 2011-04-15 17:26:03) [GET]
  Parameters: {"id"=>"canvas"}

ActionController::UnknownAction (No action responded to js. Actions: index and test):
  <internal:prelude>:10:in `synchronize'
  /usr/local/lib/ruby/1.9.1/webrick/httpserver.rb:111:in `service'
  /usr/local/lib/ruby/1.9.1/webrick/httpserver.rb:70:in `run'
  /usr/local/lib/ruby/1.9.1/webrick/server.rb:183:in `block in start_thread'

Rendering rescues/layout (not_found)


Processing ApplicationController#index (for 127.0.0.1 at 2011-04-15 17:26:03) [GET]

ActionController::RoutingError (No route matches "/main/js/jquery-ui-1.7.2.custom.min.js" with {:method=>:get}):
  <internal:prelude>:10:in `synchronize'
  /usr/local/lib/ruby/1.9.1/webrick/httpserver.rb:111:in `service'
  /usr/local/lib/ruby/1.9.1/webrick/httpserver.rb:70:in `run'
  /usr/local/lib/ruby/1.9.1/webrick/server.rb:183:in `block in start_thread'

Rendering rescues/layout (not_found)


Processing MainController#js to js (for 127.0.0.1 at 2011-04-15 17:26:03) [GET]
  Parameters: {"id"=>"RMesh"}

ActionController::UnknownAction (No action responded to js. Actions: index and test):
  <internal:prelude>:10:in `synchronize'
  /usr/local/lib/ruby/1.9.1/webrick/httpserver.rb:111:in `service'
  /usr/local/lib/ruby/1.9.1/webrick/httpserver.rb:70:in `run'
  /usr/local/lib/ruby/1.9.1/webrick/server.rb:183:in `block in start_thread'

Rendering rescues/layout (not_found)


Processing ApplicationController#index (for 127.0.0.1 at 2011-04-15 17:26:03) [GET]

ActionController::RoutingError (No route matches "/main/js/jquery-1.3.2.min.js" with {:method=>:get}):
  <internal:prelude>:10:in `synchronize'
  /usr/local/lib/ruby/1.9.1/webrick/httpserver.rb:111:in `service'
  /usr/local/lib/ruby/1.9.1/webrick/httpserver.rb:70:in `run'
  /usr/local/lib/ruby/1.9.1/webrick/server.rb:183:in `block in start_thread'

Rendering rescues/layout (not_found)


Processing MainController#js to js (for 127.0.0.1 at 2011-04-15 17:26:03) [GET]
  Parameters: {"id"=>"cgal-render-json"}

ActionController::UnknownAction (No action responded to js. Actions: index and test):
  <internal:prelude>:10:in `synchronize'
  /usr/local/lib/ruby/1.9.1/webrick/httpserver.rb:111:in `service'
  /usr/local/lib/ruby/1.9.1/webrick/httpserver.rb:70:in `run'
  /usr/local/lib/ruby/1.9.1/webrick/server.rb:183:in `block in start_thread'

Rendering rescues/layout (not_found)


Processing ApplicationController#index (for 127.0.0.1 at 2011-04-15 17:26:03) [GET]

ActionController::RoutingError (No route matches "/main/themes/redmond/jquery-ui-1.7.2.custom.css" with {:method=>:get}):
  <internal:prelude>:10:in `synchronize'
  /usr/local/lib/ruby/1.9.1/webrick/httpserver.rb:111:in `service'
  /usr/local/lib/ruby/1.9.1/webrick/httpserver.rb:70:in `run'
  /usr/local/lib/ruby/1.9.1/webrick/server.rb:183:in `block in start_thread'

Rendering rescues/layout (not_found)


Processing MainController#css to css (for 127.0.0.1 at 2011-04-15 17:26:03) [GET]
  Parameters: {"id"=>"rmesh"}

ActionController::UnknownAction (No action responded to css. Actions: index and test):
  <internal:prelude>:10:in `synchronize'
  /usr/local/lib/ruby/1.9.1/webrick/httpserver.rb:111:in `service'
  /usr/local/lib/ruby/1.9.1/webrick/httpserver.rb:70:in `run'
  /usr/local/lib/ruby/1.9.1/webrick/server.rb:183:in `block in start_thread'

Rendering rescues/layout (not_found)


Processing MainController#index (for 127.0.0.1 at 2011-04-15 17:26:08) [GET]
Rendering main/index
Completed in 4ms (View: 1 | 200 OK [http://localhost/main/index]


Processing MainController#js to js (for 127.0.0.1 at 2011-04-15 17:26:08) [GET]
  Parameters: {"id"=>"canvas"}

ActionController::UnknownAction (No action responded to js. Actions: index and test):
  <internal:prelude>:10:in `synchronize'
  /usr/local/lib/ruby/1.9.1/webrick/httpserver.rb:111:in `service'
  /usr/local/lib/ruby/1.9.1/webrick/httpserver.rb:70:in `run'
  /usr/local/lib/ruby/1.9.1/webrick/server.rb:183:in `block in start_thread'

Rendering rescues/layout (not_found)


Processing ApplicationController#index (for 127.0.0.1 at 2011-04-15 17:26:08) [GET]

ActionController::RoutingError (No route matches "/main/themes/redmond/jquery-ui-1.7.2.custom.css" with {:method=>:get}):
  <internal:prelude>:10:in `synchronize'
  /usr/local/lib/ruby/1.9.1/webrick/httpserver.rb:111:in `service'
  /usr/local/lib/ruby/1.9.1/webrick/httpserver.rb:70:in `run'
  /usr/local/lib/ruby/1.9.1/webrick/server.rb:183:in `block in start_thread'

Rendering rescues/layout (not_found)


Processing ApplicationController#index (for 127.0.0.1 at 2011-04-15 17:26:08) [GET]

ActionController::RoutingError (No route matches "/main/js/jquery-1.3.2.min.js" with {:method=>:get}):
  <internal:prelude>:10:in `synchronize'
  /usr/local/lib/ruby/1.9.1/webrick/httpserver.rb:111:in `service'
  /usr/local/lib/ruby/1.9.1/webrick/httpserver.rb:70:in `run'
  /usr/local/lib/ruby/1.9.1/webrick/server.rb:183:in `block in start_thread'

Rendering rescues/layout (not_found)


Processing MainController#js to js (for 127.0.0.1 at 2011-04-15 17:26:08) [GET]
  Parameters: {"id"=>"cgal-render-json"}

ActionController::UnknownAction (No action responded to js. Actions: index and test):
  <internal:prelude>:10:in `synchronize'
  /usr/local/lib/ruby/1.9.1/webrick/httpserver.rb:111:in `service'
  /usr/local/lib/ruby/1.9.1/webrick/httpserver.rb:70:in `run'
  /usr/local/lib/ruby/1.9.1/webrick/server.rb:183:in `block in start_thread'

Rendering rescues/layout (not_found)


Processing MainController#js to js (for 127.0.0.1 at 2011-04-15 17:26:09) [GET]
  Parameters: {"id"=>"RMesh"}

ActionController::UnknownAction (No action responded to js. Actions: index and test):
  <internal:prelude>:10:in `synchronize'
  /usr/local/lib/ruby/1.9.1/webrick/httpserver.rb:111:in `service'
  /usr/local/lib/ruby/1.9.1/webrick/httpserver.rb:70:in `run'
  /usr/local/lib/ruby/1.9.1/webrick/server.rb:183:in `block in start_thread'

Rendering rescues/layout (not_found)


Processing ApplicationController#index (for 127.0.0.1 at 2011-04-15 17:26:09) [GET]

ActionController::RoutingError (No route matches "/main/js/jquery-ui-1.7.2.custom.min.js" with {:method=>:get}):
  <internal:prelude>:10:in `synchronize'
  /usr/local/lib/ruby/1.9.1/webrick/httpserver.rb:111:in `service'
  /usr/local/lib/ruby/1.9.1/webrick/httpserver.rb:70:in `run'
  /usr/local/lib/ruby/1.9.1/webrick/server.rb:183:in `block in start_thread'

Rendering rescues/layout (not_found)


Processing MainController#css to css (for 127.0.0.1 at 2011-04-15 17:26:09) [GET]
  Parameters: {"id"=>"rmesh"}

ActionController::UnknownAction (No action responded to css. Actions: index and test):
  <internal:prelude>:10:in `synchronize'
  /usr/local/lib/ruby/1.9.1/webrick/httpserver.rb:111:in `service'
  /usr/local/lib/ruby/1.9.1/webrick/httpserver.rb:70:in `run'
  /usr/local/lib/ruby/1.9.1/webrick/server.rb:183:in `block in start_thread'

Rendering rescues/layout (not_found)


Processing MainController#index (for 127.0.0.1 at 2011-04-15 17:27:00) [GET]
Rendering main/index
Completed in 6ms (View: 1 | 200 OK [http://localhost/main/index]


Processing MainController#js to js (for 127.0.0.1 at 2011-04-15 17:27:36) [GET]
  Parameters: {"id"=>"RMesh"}

ActionController::UnknownAction (No action responded to js. Actions: index and test):
  <internal:prelude>:10:in `synchronize'
  /usr/local/lib/ruby/1.9.1/webrick/httpserver.rb:111:in `service'
  /usr/local/lib/ruby/1.9.1/webrick/httpserver.rb:70:in `run'
  /usr/local/lib/ruby/1.9.1/webrick/server.rb:183:in `block in start_thread'

Rendering rescues/layout (not_found)


Processing MainController#index (for 127.0.0.1 at 2011-04-15 17:28:47) [GET]
Rendering main/index
Completed in 5ms (View: 1 | 200 OK [http://localhost/main]


Processing MainController#index (for 127.0.0.1 at 2011-04-15 17:28:54) [GET]
Rendering main/index
Completed in 4ms (View: 1 | 200 OK [http://localhost/main/index]


Processing MainController#js to js (for 127.0.0.1 at 2011-04-15 17:28:54) [GET]
  Parameters: {"id"=>"canvas"}

ActionController::UnknownAction (No action responded to js. Actions: index and test):
  <internal:prelude>:10:in `synchronize'
  /usr/local/lib/ruby/1.9.1/webrick/httpserver.rb:111:in `service'
  /usr/local/lib/ruby/1.9.1/webrick/httpserver.rb:70:in `run'
  /usr/local/lib/ruby/1.9.1/webrick/server.rb:183:in `block in start_thread'

Rendering rescues/layout (not_found)


Processing ApplicationController#index (for 127.0.0.1 at 2011-04-15 17:28:54) [GET]

ActionController::RoutingError (No route matches "/main/js/jquery-1.3.2.min.js" with {:method=>:get}):
  <internal:prelude>:10:in `synchronize'
  /usr/local/lib/ruby/1.9.1/webrick/httpserver.rb:111:in `service'
  /usr/local/lib/ruby/1.9.1/webrick/httpserver.rb:70:in `run'
  /usr/local/lib/ruby/1.9.1/webrick/server.rb:183:in `block in start_thread'

Rendering rescues/layout (not_found)


Processing ApplicationController#index (for 127.0.0.1 at 2011-04-15 17:28:54) [GET]

ActionController::RoutingError (No route matches "/main/js/jquery-ui-1.7.2.custom.min.js" with {:method=>:get}):
  <internal:prelude>:10:in `synchronize'
  /usr/local/lib/ruby/1.9.1/webrick/httpserver.rb:111:in `service'
  /usr/local/lib/ruby/1.9.1/webrick/httpserver.rb:70:in `run'
  /usr/local/lib/ruby/1.9.1/webrick/server.rb:183:in `block in start_thread'

Rendering rescues/layout (not_found)


Processing MainController#js to js (for 127.0.0.1 at 2011-04-15 17:28:54) [GET]
  Parameters: {"id"=>"cgal-render-json"}

ActionController::UnknownAction (No action responded to js. Actions: index and test):
  <internal:prelude>:10:in `synchronize'
  /usr/local/lib/ruby/1.9.1/webrick/httpserver.rb:111:in `service'
  /usr/local/lib/ruby/1.9.1/webrick/httpserver.rb:70:in `run'
  /usr/local/lib/ruby/1.9.1/webrick/server.rb:183:in `block in start_thread'

Rendering rescues/layout (not_found)


Processing MainController#js to js (for 127.0.0.1 at 2011-04-15 17:28:54) [GET]
  Parameters: {"id"=>"RMesh"}

ActionController::UnknownAction (No action responded to js. Actions: index and test):
  <internal:prelude>:10:in `synchronize'
  /usr/local/lib/ruby/1.9.1/webrick/httpserver.rb:111:in `service'
  /usr/local/lib/ruby/1.9.1/webrick/httpserver.rb:70:in `run'
  /usr/local/lib/ruby/1.9.1/webrick/server.rb:183:in `block in start_thread'

Rendering rescues/layout (not_found)


Processing ApplicationController#index (for 127.0.0.1 at 2011-04-15 17:28:54) [GET]

ActionController::RoutingError (No route matches "/main/themes/redmond/jquery-ui-1.7.2.custom.css" with {:method=>:get}):
  <internal:prelude>:10:in `synchronize'
  /usr/local/lib/ruby/1.9.1/webrick/httpserver.rb:111:in `service'
  /usr/local/lib/ruby/1.9.1/webrick/httpserver.rb:70:in `run'
  /usr/local/lib/ruby/1.9.1/webrick/server.rb:183:in `block in start_thread'

Rendering rescues/layout (not_found)


Processing MainController#css to css (for 127.0.0.1 at 2011-04-15 17:28:54) [GET]
  Parameters: {"id"=>"rmesh"}

ActionController::UnknownAction (No action responded to css. Actions: index and test):
  <internal:prelude>:10:in `synchronize'
  /usr/local/lib/ruby/1.9.1/webrick/httpserver.rb:111:in `service'
  /usr/local/lib/ruby/1.9.1/webrick/httpserver.rb:70:in `run'
  /usr/local/lib/ruby/1.9.1/webrick/server.rb:183:in `block in start_thread'

Rendering rescues/layout (not_found)


Processing MainController#compute (for 127.0.0.1 at 2011-04-15 17:29:01) [POST]
  Parameters: {"points"=>"168,521", "type"=>"points"}

ActionController::UnknownAction (No action responded to compute. Actions: index and test):
  <internal:prelude>:10:in `synchronize'
  /usr/local/lib/ruby/1.9.1/webrick/httpserver.rb:111:in `service'
  /usr/local/lib/ruby/1.9.1/webrick/httpserver.rb:70:in `run'
  /usr/local/lib/ruby/1.9.1/webrick/server.rb:183:in `block in start_thread'

Rendering rescues/layout (not_found)


Processing MainController#compute (for 127.0.0.1 at 2011-04-15 17:29:47) [POST]
  Parameters: {"points"=>"446,195", "type"=>"points"}

ActionView::MissingTemplate (Missing template main/compute.erb in view path /Users/ryan/projects/rubymesh/app/views):
  <internal:prelude>:10:in `synchronize'
  /usr/local/lib/ruby/1.9.1/webrick/httpserver.rb:111:in `service'
  /usr/local/lib/ruby/1.9.1/webrick/httpserver.rb:70:in `run'
  /usr/local/lib/ruby/1.9.1/webrick/server.rb:183:in `block in start_thread'

Rendering rescues/layout (internal_server_error)


Processing MainController#compute (for 127.0.0.1 at 2011-04-15 17:30:15) [POST]
  Parameters: {"points"=>"396,190", "type"=>"points"}

ActionView::MissingTemplate (Missing template main/compute.erb in view path /Users/ryan/projects/rubymesh/app/views):
  <internal:prelude>:10:in `synchronize'
  /usr/local/lib/ruby/1.9.1/webrick/httpserver.rb:111:in `service'
  /usr/local/lib/ruby/1.9.1/webrick/httpserver.rb:70:in `run'
  /usr/local/lib/ruby/1.9.1/webrick/server.rb:183:in `block in start_thread'

Rendering rescues/layout (internal_server_error)


Processing MainController#index (for 127.0.0.1 at 2011-04-15 17:31:07) [GET]
Rendering main/index
Completed in 4ms (View: 1 | 200 OK [http://localhost/main]


Processing MainController#index (for 127.0.0.1 at 2011-04-15 17:31:10) [GET]
Rendering main/index
Completed in 4ms (View: 1 | 200 OK [http://localhost/main]


Processing MainController#index (for 127.0.0.1 at 2011-04-15 17:31:22) [GET]
Rendering main/index
Completed in 5ms (View: 1 | 200 OK [http://localhost/main]


Processing MainController#index (for 127.0.0.1 at 2011-04-15 17:32:46) [GET]
Rendering main/index
Completed in 4ms (View: 1 | 200 OK [http://localhost/main]


Processing MainController#index (for 127.0.0.1 at 2011-04-15 17:33:11) [GET]
Rendering main/index
Completed in 4ms (View: 1 | 200 OK [http://localhost/main]


Processing MainController#compute (for 127.0.0.1 at 2011-04-15 17:33:14) [POST]
  Parameters: {"points"=>"253,483", "type"=>"points"}

ActionView::MissingTemplate (Missing template main/compute.erb in view path /Users/ryan/projects/rubymesh/app/views):
  <internal:prelude>:10:in `synchronize'
  /usr/local/lib/ruby/1.9.1/webrick/httpserver.rb:111:in `service'
  /usr/local/lib/ruby/1.9.1/webrick/httpserver.rb:70:in `run'
  /usr/local/lib/ruby/1.9.1/webrick/server.rb:183:in `block in start_thread'

Rendering rescues/layout (internal_server_error)


Processing MainController#index (for 127.0.0.1 at 2011-04-15 17:34:03) [GET]
Rendering main/index
Completed in 4ms (View: 1 | 200 OK [http://localhost/main]


Processing MainController#compute (for 127.0.0.1 at 2011-04-15 17:34:05) [POST]
  Parameters: {"points"=>"87,503", "type"=>"points"}

ActionView::MissingTemplate (Missing template main/compute.erb in view path /Users/ryan/projects/rubymesh/app/views):
  <internal:prelude>:10:in `synchronize'
  /usr/local/lib/ruby/1.9.1/webrick/httpserver.rb:111:in `service'
  /usr/local/lib/ruby/1.9.1/webrick/httpserver.rb:70:in `run'
  /usr/local/lib/ruby/1.9.1/webrick/server.rb:183:in `block in start_thread'

Rendering rescues/layout (internal_server_error)


Processing MainController#index (for 127.0.0.1 at 2011-04-15 17:34:26) [GET]
Rendering main/index
Completed in 4ms (View: 1 | 200 OK [http://localhost/main]


Processing MainController#index (for 127.0.0.1 at 2011-04-15 17:34:26) [GET]
Rendering main/index
Completed in 5ms (View: 1 | 200 OK [http://localhost/main]


Processing MainController#index (for 127.0.0.1 at 2011-04-15 17:34:26) [GET]
Rendering main/index
Completed in 4ms (View: 1 | 200 OK [http://localhost/main]


Processing MainController#index (for 127.0.0.1 at 2011-04-15 17:34:33) [GET]
Rendering main/index
Completed in 4ms (View: 1 | 200 OK [http://localhost/main]


Processing MainController#compute (for 127.0.0.1 at 2011-04-15 17:34:36) [POST]
  Parameters: {"points"=>"6", "type"=>"points"}

ActionView::MissingTemplate (Missing template main/compute.erb in view path /Users/ryan/projects/rubymesh/app/views):
  <internal:prelude>:10:in `synchronize'
  /usr/local/lib/ruby/1.9.1/webrick/httpserver.rb:111:in `service'
  /usr/local/lib/ruby/1.9.1/webrick/httpserver.rb:70:in `run'
  /usr/local/lib/ruby/1.9.1/webrick/server.rb:183:in `block in start_thread'

Rendering rescues/layout (internal_server_error)
